[0.217s] Invoking command in '/home/kio/ROS2test/ROS/src/motor_control_serial': PYTHONPATH=/home/kio/ROS2test/ROS/build/motor_control_serial/prefix_override:/usr/lib/python3/dist-packages/colcon_core/task/python/colcon_distutils_commands:/home/kio/ROS2test/ROS/install/motor_control_serial/lib/python3.10/site-packages:${PYTHONPATH} /usr/bin/python3 -W ignore:setup.py install is deprecated -W ignore:easy_install command is deprecated setup.py egg_info --egg-base ../../build/motor_control_serial build --build-base /home/kio/ROS2test/ROS/build/motor_control_serial/build install --record /home/kio/ROS2test/ROS/build/motor_control_serial/install.log --single-version-externally-managed install_data
[0.296s] running egg_info
[0.297s] writing ../../build/motor_control_serial/motor_control_serial.egg-info/PKG-INFO
[0.297s] writing dependency_links to ../../build/motor_control_serial/motor_control_serial.egg-info/dependency_links.txt
[0.297s] writing entry points to ../../build/motor_control_serial/motor_control_serial.egg-info/entry_points.txt
[0.297s] writing requirements to ../../build/motor_control_serial/motor_control_serial.egg-info/requires.txt
[0.297s] writing top-level names to ../../build/motor_control_serial/motor_control_serial.egg-info/top_level.txt
[0.298s] reading manifest file '../../build/motor_control_serial/motor_control_serial.egg-info/SOURCES.txt'
[0.298s] writing manifest file '../../build/motor_control_serial/motor_control_serial.egg-info/SOURCES.txt'
[0.298s] running build
[0.298s] running build_py
[0.298s] copying motor_control_serial/motor_control_serial_node.py -> /home/kio/ROS2test/ROS/build/motor_control_serial/build/lib/motor_control_serial
[0.299s] running install
[0.299s] running install_lib
[0.299s] copying /home/kio/ROS2test/ROS/build/motor_control_serial/build/lib/motor_control_serial/motor_control_serial_node.py -> /home/kio/ROS2test/ROS/install/motor_control_serial/lib/python3.10/site-packages/motor_control_serial
[0.299s] byte-compiling /home/kio/ROS2test/ROS/install/motor_control_serial/lib/python3.10/site-packages/motor_control_serial/motor_control_serial_node.py to motor_control_serial_node.cpython-310.pyc
[0.300s] running install_data
[0.300s] running install_egg_info
[0.300s] removing '/home/kio/ROS2test/ROS/install/motor_control_serial/lib/python3.10/site-packages/motor_control_serial-0.0.0-py3.10.egg-info' (and everything under it)
[0.300s] Copying ../../build/motor_control_serial/motor_control_serial.egg-info to /home/kio/ROS2test/ROS/install/motor_control_serial/lib/python3.10/site-packages/motor_control_serial-0.0.0-py3.10.egg-info
[0.301s] running install_scripts
[0.307s] Installing motor_control_serial_node script to /home/kio/ROS2test/ROS/install/motor_control_serial/lib/motor_control_serial
[0.308s] writing list of installed files to '/home/kio/ROS2test/ROS/build/motor_control_serial/install.log'
[0.316s] Invoked command in '/home/kio/ROS2test/ROS/src/motor_control_serial' returned '0': PYTHONPATH=/home/kio/ROS2test/ROS/build/motor_control_serial/prefix_override:/usr/lib/python3/dist-packages/colcon_core/task/python/colcon_distutils_commands:/home/kio/ROS2test/ROS/install/motor_control_serial/lib/python3.10/site-packages:${PYTHONPATH} /usr/bin/python3 -W ignore:setup.py install is deprecated -W ignore:easy_install command is deprecated setup.py egg_info --egg-base ../../build/motor_control_serial build --build-base /home/kio/ROS2test/ROS/build/motor_control_serial/build install --record /home/kio/ROS2test/ROS/build/motor_control_serial/install.log --single-version-externally-managed install_data
