running egg_info
writing ../../build/motor_control_serial/motor_control_serial.egg-info/PKG-INFO
writing dependency_links to ../../build/motor_control_serial/motor_control_serial.egg-info/dependency_links.txt
writing entry points to ../../build/motor_control_serial/motor_control_serial.egg-info/entry_points.txt
writing requirements to ../../build/motor_control_serial/motor_control_serial.egg-info/requires.txt
writing top-level names to ../../build/motor_control_serial/motor_control_serial.egg-info/top_level.txt
reading manifest file '../../build/motor_control_serial/motor_control_serial.egg-info/SOURCES.txt'
writing manifest file '../../build/motor_control_serial/motor_control_serial.egg-info/SOURCES.txt'
running build
running build_py
copying motor_control_serial/motor_control_serial_node.py -> /home/kio/ROS2test/ROS/build/motor_control_serial/build/lib/motor_control_serial
running install
running install_lib
copying /home/kio/ROS2test/ROS/build/motor_control_serial/build/lib/motor_control_serial/motor_control_serial_node.py -> /home/kio/ROS2test/ROS/install/motor_control_serial/lib/python3.10/site-packages/motor_control_serial
byte-compiling /home/kio/ROS2test/ROS/install/motor_control_serial/lib/python3.10/site-packages/motor_control_serial/motor_control_serial_node.py to motor_control_serial_node.cpython-310.pyc
running install_data
running install_egg_info
removing '/home/kio/ROS2test/ROS/install/motor_control_serial/lib/python3.10/site-packages/motor_control_serial-0.0.0-py3.10.egg-info' (and everything under it)
Copying ../../build/motor_control_serial/motor_control_serial.egg-info to /home/kio/ROS2test/ROS/install/motor_control_serial/lib/python3.10/site-packages/motor_control_serial-0.0.0-py3.10.egg-info
running install_scripts
Installing motor_control_serial_node script to /home/kio/ROS2test/ROS/install/motor_control_serial/lib/motor_control_serial
writing list of installed files to '/home/kio/ROS2test/ROS/build/motor_control_serial/install.log'
