[0.718s] Invoking command in '/home/kio/ROS2test/ROS/src/motor_control_serial': PYTHONPATH=/home/kio/ROS2test/ROS/build/motor_control_serial/prefix_override:/usr/lib/python3/dist-packages/colcon_core/task/python/colcon_distutils_commands:/home/kio/ROS2test/ROS/install/motor_control_serial/lib/python3.10/site-packages:${PYTHONPATH} /usr/bin/python3 -W ignore:setup.py install is deprecated -W ignore:easy_install command is deprecated setup.py egg_info --egg-base ../../build/motor_control_serial build --build-base /home/kio/ROS2test/ROS/build/motor_control_serial/build install --record /home/kio/ROS2test/ROS/build/motor_control_serial/install.log --single-version-externally-managed install_data
[0.967s] running egg_info
[0.969s] writing ../../build/motor_control_serial/motor_control_serial.egg-info/PKG-INFO
[0.969s] writing dependency_links to ../../build/motor_control_serial/motor_control_serial.egg-info/dependency_links.txt
[0.970s] writing entry points to ../../build/motor_control_serial/motor_control_serial.egg-info/entry_points.txt
[0.970s] writing requirements to ../../build/motor_control_serial/motor_control_serial.egg-info/requires.txt
[0.971s] writing top-level names to ../../build/motor_control_serial/motor_control_serial.egg-info/top_level.txt
[0.974s] reading manifest file '../../build/motor_control_serial/motor_control_serial.egg-info/SOURCES.txt'
[0.975s] writing manifest file '../../build/motor_control_serial/motor_control_serial.egg-info/SOURCES.txt'
[0.975s] running build
[0.975s] running build_py
[0.975s] running install
[0.979s] running install_lib
[0.979s] running install_data
[0.979s] running install_egg_info
[0.979s] removing '/home/kio/ROS2test/ROS/install/motor_control_serial/lib/python3.10/site-packages/motor_control_serial-0.0.0-py3.10.egg-info' (and everything under it)
[0.983s] Copying ../../build/motor_control_serial/motor_control_serial.egg-info to /home/kio/ROS2test/ROS/install/motor_control_serial/lib/python3.10/site-packages/motor_control_serial-0.0.0-py3.10.egg-info
[0.983s] running install_scripts
[1.006s] Installing motor_control_serial_node script to /home/kio/ROS2test/ROS/install/motor_control_serial/lib/motor_control_serial
[1.007s] writing list of installed files to '/home/kio/ROS2test/ROS/build/motor_control_serial/install.log'
[1.069s] Invoked command in '/home/kio/ROS2test/ROS/src/motor_control_serial' returned '0': PYTHONPATH=/home/kio/ROS2test/ROS/build/motor_control_serial/prefix_override:/usr/lib/python3/dist-packages/colcon_core/task/python/colcon_distutils_commands:/home/kio/ROS2test/ROS/install/motor_control_serial/lib/python3.10/site-packages:${PYTHONPATH} /usr/bin/python3 -W ignore:setup.py install is deprecated -W ignore:easy_install command is deprecated setup.py egg_info --egg-base ../../build/motor_control_serial build --build-base /home/kio/ROS2test/ROS/build/motor_control_serial/build install --record /home/kio/ROS2test/ROS/build/motor_control_serial/install.log --single-version-externally-managed install_data
